<?xml version="1.0" encoding="UTF-8"?>
<!-- Generated by org.testng.reporters.JUnitReportReporter -->
<testsuite hostname="Omprakash" failures="0" tests="2" name="practice.Organization" time="13.561" errors="0" timestamp="2022-03-15T17:15:46 IST" skipped="0">
  <testcase classname="practice.Organization" name="createOrganization" time="6.672"/>
  <system-out/>
  <testcase classname="practice.Organization" name="createOrganizationWithwebsite" time="6.889"/>
  <system-out/>
</testsuite> <!-- practice.Organization -->
