<?xml version="1.0" encoding="UTF-8"?>
<!-- Generated by org.testng.reporters.JUnitReportReporter -->
<testsuite hostname="Omprakash" failures="0" tests="1" name="practice.SampleTest" time="2.672" errors="0" timestamp="2022-03-15T12:05:29 IST" skipped="0">
  <testcase classname="practice.SampleTest" name="dddd" time="2.672"/>
  <system-out/>
</testsuite> <!-- practice.SampleTest -->
