<?xml version="1.0" encoding="UTF-8"?>
<!-- Generated by org.testng.reporters.JUnitReportReporter -->
<testsuite hostname="Omprakash" failures="0" tests="1" name="practice.PracticeOracleSQL" time="1.138" errors="0" timestamp="2022-03-29T21:26:57 IST" skipped="0">
  <testcase classname="practice.PracticeOracleSQL" name="getData" time="1.138"/>
  <system-out/>
</testsuite> <!-- practice.PracticeOracleSQL -->
