<?xml version="1.0" encoding="UTF-8"?>
<!-- Generated by org.testng.reporters.JUnitReportReporter -->
<testsuite hostname="Omprakash" failures="0" tests="1" name="practice.TestAnnotation" time="3.335" errors="0" timestamp="2022-03-17T22:22:15 IST" skipped="0">
  <testcase classname="practice.TestAnnotation" name="m1" time="3.335"/>
  <system-out/>
</testsuite> <!-- practice.TestAnnotation -->
