<?xml version="1.0" encoding="UTF-8"?>
<!-- Generated by org.testng.reporters.JUnitReportReporter -->
<testsuite hostname="Omprakash" failures="0" tests="1" name="practice.Flipkart" time="8.560" errors="0" timestamp="2022-03-30T14:44:56 IST" skipped="0">
  <testcase classname="practice.Flipkart" name="flipkart" time="8.560"/>
  <system-out/>
</testsuite> <!-- practice.Flipkart -->
