<?xml version="1.0" encoding="UTF-8"?>
<!-- Generated by org.testng.reporters.JUnitReportReporter -->
<testsuite hostname="Omprakash" name="practice.VtigerClickAllChecked" tests="1" failures="0" timestamp="11 Mar 2022 08:42:34 GMT" time="34.191" errors="0">
  <testcase name="checkAllCheckbox" time="34.191" classname="practice.VtigerClickAllChecked"/>
</testsuite> <!-- practice.VtigerClickAllChecked -->
