<?xml version="1.0" encoding="UTF-8"?>
<!-- Generated by org.testng.reporters.JUnitReportReporter -->
<testsuite hostname="Omprakash" name="practice.MakeMyTripToday" tests="1" failures="0" timestamp="11 Mar 2022 13:46:14 GMT" time="21.936" errors="0">
  <testcase name="fetchFlightNamesOfToday" time="21.936" classname="practice.MakeMyTripToday"/>
</testsuite> <!-- practice.MakeMyTripToday -->
