<?xml version="1.0" encoding="UTF-8"?>
<!-- Generated by org.testng.reporters.JUnitReportReporter -->
<testsuite hostname="Omprakash" failures="0" tests="1" name="com.crm.autodesk.contact.test.Create_Contact_Test" time="27.671" errors="0" timestamp="2022-05-08T21:45:41 IST" skipped="0">
  <testcase classname="com.crm.autodesk.contact.test.Create_Contact_Test" name="createContact" time="27.671"/>
  <system-out/>
</testsuite> <!-- com.crm.autodesk.contact.test.Create_Contact_Test -->
