<?xml version="1.0" encoding="UTF-8"?>
<!-- Generated by org.testng.reporters.JUnitReportReporter -->
<testsuite hostname="Omprakash" name="practice.VtigerClickLastCheckBox" tests="1" failures="0" timestamp="11 Mar 2022 08:42:34 GMT" time="20.717" errors="0">
  <testcase name="checkLastCheckBox" time="20.717" classname="practice.VtigerClickLastCheckBox"/>
</testsuite> <!-- practice.VtigerClickLastCheckBox -->
