<?xml version="1.0" encoding="UTF-8"?>
<!-- Generated by org.testng.reporters.JUnitReportReporter -->
<testsuite hostname="Omprakash" failures="0" tests="1" name="practice.WebElementsCompare" time="16.378" errors="0" timestamp="2022-03-16T17:18:11 IST" skipped="0">
  <testcase classname="practice.WebElementsCompare" name="webelements" time="16.378"/>
  <system-out/>
</testsuite> <!-- practice.WebElementsCompare -->
