<?xml version="1.0" encoding="UTF-8"?>
<!-- Generated by org.testng.reporters.JUnitReportReporter -->
<testsuite hostname="Omprakash" failures="0" tests="1" name="practice.SpiceJet" time="21.269" errors="0" timestamp="2022-03-31T10:17:12 IST" skipped="0">
  <testcase classname="practice.SpiceJet" name="mm" time="21.269"/>
  <system-out/>
</testsuite> <!-- practice.SpiceJet -->
