<?xml version="1.0" encoding="UTF-8"?>
<!-- Generated by org.testng.reporters.JUnitReportReporter -->
<testsuite hostname="Omprakash" failures="0" tests="1" name="practice.MYSQL1" time="1.253" errors="0" timestamp="2022-03-29T22:31:44 IST" skipped="0">
  <testcase classname="practice.MYSQL1" name="m1" time="1.253"/>
  <system-out/>
</testsuite> <!-- practice.MYSQL1 -->
