<?xml version="1.0" encoding="UTF-8"?>
<!-- Generated by org.testng.reporters.JUnitReportReporter -->
<testsuite hostname="Omprakash" failures="0" tests="1" name="practice.google" time="6.566" errors="0" timestamp="2022-03-27T18:04:03 IST" skipped="0">
  <testcase classname="practice.google" name="google1" time="6.566"/>
  <system-out/>
</testsuite> <!-- practice.google -->
