<?xml version="1.0" encoding="UTF-8"?>
<!-- Generated by org.testng.reporters.JUnitReportReporter -->
<testsuite hostname="Omprakash" failures="0" tests="1" name="practice.pppppppo" time="26.228" errors="0" timestamp="2022-03-30T23:54:40 IST" skipped="0">
  <testcase classname="practice.pppppppo" name="mm" time="26.228"/>
  <system-out/>
</testsuite> <!-- practice.pppppppo -->
