<?xml version="1.0" encoding="UTF-8"?>
<!-- Generated by org.testng.reporters.JUnitReportReporter -->
<testsuite hostname="Omprakash" failures="0" tests="1" name="com.crm.autodesk.product.test.Create_Product_With_Price_Information_Test" time="28.740" errors="0" timestamp="2022-03-15T13:30:01 IST" skipped="0">
  <testcase classname="com.crm.autodesk.product.test.Create_Product_With_Price_Information_Test" name="createProductWithPrice" time="28.740"/>
  <system-out/>
</testsuite> <!-- com.crm.autodesk.product.test.Create_Product_With_Price_Information_Test -->
