<?xml version="1.0" encoding="UTF-8"?>
<!-- Generated by org.testng.reporters.JUnitReportReporter -->
<testsuite hostname="Omprakash" failures="0" tests="5" name="practice.NumberProvider" time="0.014" errors="0" timestamp="2022-03-14T15:18:52 IST" skipped="0">
  <testcase classname="practice.NumberProvider" name="number" time="0.002"/>
  <system-out/>
  <testcase classname="practice.NumberProvider" name="number" time="0.007"/>
  <system-out/>
  <testcase classname="practice.NumberProvider" name="number" time="0.002"/>
  <system-out/>
  <testcase classname="practice.NumberProvider" name="number" time="0.001"/>
  <system-out/>
  <testcase classname="practice.NumberProvider" name="number" time="0.002"/>
  <system-out/>
</testsuite> <!-- practice.NumberProvider -->
