<?xml version="1.0" encoding="UTF-8"?>
<!-- Generated by org.testng.reporters.JUnitReportReporter -->
<testsuite hostname="Omprakash" failures="0" tests="1" name="practice.Contact" time="7.314" errors="0" timestamp="2022-03-15T17:15:46 IST" skipped="0">
  <testcase classname="practice.Contact" name="createContactWithOrg" time="7.314"/>
  <system-out/>
</testsuite> <!-- practice.Contact -->
